2014-06-24 16:46:11,700 - Starting Apache Velocity v1.5 (compiled: 2007-02-22 08:52:29)
2014-06-24 16:46:11,700 - Default Properties File: org/apache/velocity/runtime/defaults/velocity.properties
2014-06-24 16:46:11,700 - Trying to use logger class org.apache.velocity.runtime.log.AvalonLogChute
2014-06-24 16:46:11,701 - Couldn't find class org.apache.velocity.runtime.log.AvalonLogChute or necessary supporting classes in classpath.
java.lang.NoClassDefFoundError: org/apache/log/format/Formatter
	at java.lang.Class.forName0(Native Method)
	at java.lang.Class.forName(Class.java:249)
	at org.apache.velocity.util.ClassUtils.getClass(ClassUtils.java:63)
	at org.apache.velocity.util.ClassUtils.getNewInstance(ClassUtils.java:95)
	at org.apache.velocity.runtime.log.LogManager.createLogChute(LogManager.java:147)
	at org.apache.velocity.runtime.log.LogManager.updateLog(LogManager.java:208)
	at org.apache.velocity.runtime.RuntimeInstance.initializeLog(RuntimeInstance.java:728)
	at org.apache.velocity.runtime.RuntimeInstance.init(RuntimeInstance.java:240)
	at org.apache.velocity.runtime.RuntimeInstance.init(RuntimeInstance.java:534)
	at org.apache.velocity.runtime.RuntimeSingleton.init(RuntimeSingleton.java:227)
	at org.apache.velocity.app.Velocity.init(Velocity.java:111)
	at org.wso2.andes.server.logging.GenerateLogMessages.<init>(GenerateLogMessages.java:97)
	at org.wso2.andes.server.logging.GenerateLogMessages.main(GenerateLogMessages.java:50)
Caused by: java.lang.ClassNotFoundException: org.apache.log.format.Formatter
	at java.net.URLClassLoader$1.run(URLClassLoader.java:202)
	at java.security.AccessController.doPrivileged(Native Method)
	at java.net.URLClassLoader.findClass(URLClassLoader.java:190)
	at java.lang.ClassLoader.loadClass(ClassLoader.java:306)
	at sun.misc.Launcher$AppClassLoader.loadClass(Launcher.java:301)
	at java.lang.ClassLoader.loadClass(ClassLoader.java:247)
	... 13 more
2014-06-24 16:46:11,704 - Trying to use logger class org.apache.velocity.runtime.log.Log4JLogChute
2014-06-24 16:46:11,704 - Using logger class org.apache.velocity.runtime.log.Log4JLogChute
2014-06-24 16:46:11,706 - Default ResourceManager initializing. (class org.apache.velocity.runtime.resource.ResourceManagerImpl)
2014-06-24 16:46:11,709 - ResourceLoader instantiated: org.apache.velocity.runtime.resource.loader.FileResourceLoader
2014-06-24 16:46:11,710 - Do unicode file recognition:  false
2014-06-24 16:46:11,710 - FileResourceLoader : adding path '/Users/shammi/wso2/Development/GitHub/andes/modules/andes-core/broker/src/velocity/templates/org/wso2/andes/server/logging/messages'
2014-06-24 16:46:11,724 - ResourceCache: initialized (class org.apache.velocity.runtime.resource.ResourceCacheImpl)
2014-06-24 16:46:11,726 - Loaded System Directive: org.apache.velocity.runtime.directive.Literal
2014-06-24 16:46:11,727 - Loaded System Directive: org.apache.velocity.runtime.directive.Macro
2014-06-24 16:46:11,729 - Loaded System Directive: org.apache.velocity.runtime.directive.Parse
2014-06-24 16:46:11,730 - Loaded System Directive: org.apache.velocity.runtime.directive.Include
2014-06-24 16:46:11,731 - Loaded System Directive: org.apache.velocity.runtime.directive.Foreach
2014-06-24 16:46:11,754 - Created '20' parsers.
2014-06-24 16:46:11,761 - Velocimacro : "velocimacro.library" is not set.  Trying default library: VM_global_library.vm
2014-06-24 16:46:11,761 - Velocimacro : Default library not found.
2014-06-24 16:46:11,761 - Velocimacro : allowInline = true : VMs can be defined inline in templates
2014-06-24 16:46:11,761 - Velocimacro : allowInlineToOverride = false : VMs defined inline may NOT replace previous VM definitions
2014-06-24 16:46:11,761 - Velocimacro : allowInlineLocal = false : VMs defined inline will be global in scope if allowed.
2014-06-24 16:46:11,761 - Velocimacro : autoload off : VM system will not automatically reload global library macros
2014-06-24 16:46:11,792 - ResourceManager : found LogMessages.vm with loader org.apache.velocity.runtime.resource.loader.FileResourceLoader
2014-06-24 16:46:11,818 - ResourceManager : found LogMessages.vm with loader org.apache.velocity.runtime.resource.loader.FileResourceLoader
2014-06-24 16:46:11,837 - ResourceManager : found LogMessages.vm with loader org.apache.velocity.runtime.resource.loader.FileResourceLoader
2014-06-24 16:46:11,852 - ResourceManager : found LogMessages.vm with loader org.apache.velocity.runtime.resource.loader.FileResourceLoader
2014-06-24 16:46:11,862 - ResourceManager : found LogMessages.vm with loader org.apache.velocity.runtime.resource.loader.FileResourceLoader
2014-06-24 16:46:11,871 - ResourceManager : found LogMessages.vm with loader org.apache.velocity.runtime.resource.loader.FileResourceLoader
2014-06-24 16:46:11,880 - ResourceManager : found LogMessages.vm with loader org.apache.velocity.runtime.resource.loader.FileResourceLoader
2014-06-24 16:46:11,889 - ResourceManager : found LogMessages.vm with loader org.apache.velocity.runtime.resource.loader.FileResourceLoader
2014-06-24 16:46:11,902 - ResourceManager : found LogMessages.vm with loader org.apache.velocity.runtime.resource.loader.FileResourceLoader
2014-06-24 16:46:11,913 - ResourceManager : found LogMessages.vm with loader org.apache.velocity.runtime.resource.loader.FileResourceLoader
2014-06-24 16:46:11,923 - ResourceManager : found LogMessages.vm with loader org.apache.velocity.runtime.resource.loader.FileResourceLoader
2014-06-24 16:46:11,937 - ResourceManager : found LogMessages.vm with loader org.apache.velocity.runtime.resource.loader.FileResourceLoader
2014-06-24 16:46:11,949 - ResourceManager : found LogMessages.vm with loader org.apache.velocity.runtime.resource.loader.FileResourceLoader
2014-06-24 16:46:11,957 - ResourceManager : found LogMessages.vm with loader org.apache.velocity.runtime.resource.loader.FileResourceLoader
2014-06-24 16:46:54,535 - Log4JLogChute initialized using file 'velocity.log'
2014-06-24 16:46:54,536 - Starting Apache Velocity v1.5 (compiled: 2007-02-22 08:52:29)
2014-06-24 16:46:54,536 - Default Properties File: org/apache/velocity/runtime/defaults/velocity.properties
2014-06-24 16:46:54,536 - Trying to use logger class org.apache.velocity.runtime.log.AvalonLogChute
2014-06-24 16:46:54,536 - Couldn't find class org.apache.velocity.runtime.log.AvalonLogChute or necessary supporting classes in classpath.
java.lang.NoClassDefFoundError: org/apache/log/format/Formatter
	at java.lang.Class.forName0(Native Method)
	at java.lang.Class.forName(Class.java:249)
	at org.apache.velocity.util.ClassUtils.getClass(ClassUtils.java:63)
	at org.apache.velocity.util.ClassUtils.getNewInstance(ClassUtils.java:95)
	at org.apache.velocity.runtime.log.LogManager.createLogChute(LogManager.java:147)
	at org.apache.velocity.runtime.log.LogManager.updateLog(LogManager.java:208)
	at org.apache.velocity.runtime.RuntimeInstance.initializeLog(RuntimeInstance.java:728)
	at org.apache.velocity.runtime.RuntimeInstance.init(RuntimeInstance.java:240)
	at org.apache.velocity.runtime.RuntimeInstance.init(RuntimeInstance.java:534)
	at org.apache.velocity.runtime.RuntimeSingleton.init(RuntimeSingleton.java:227)
	at org.apache.velocity.app.Velocity.init(Velocity.java:111)
	at org.wso2.andes.server.logging.GenerateLogMessages.<init>(GenerateLogMessages.java:97)
	at org.wso2.andes.server.logging.GenerateLogMessages.main(GenerateLogMessages.java:50)
Caused by: java.lang.ClassNotFoundException: org.apache.log.format.Formatter
	at java.net.URLClassLoader$1.run(URLClassLoader.java:202)
	at java.security.AccessController.doPrivileged(Native Method)
	at java.net.URLClassLoader.findClass(URLClassLoader.java:190)
	at java.lang.ClassLoader.loadClass(ClassLoader.java:306)
	at sun.misc.Launcher$AppClassLoader.loadClass(Launcher.java:301)
	at java.lang.ClassLoader.loadClass(ClassLoader.java:247)
	... 13 more
2014-06-24 16:46:54,538 - Trying to use logger class org.apache.velocity.runtime.log.Log4JLogChute
2014-06-24 16:46:54,538 - Using logger class org.apache.velocity.runtime.log.Log4JLogChute
2014-06-24 16:46:54,539 - Default ResourceManager initializing. (class org.apache.velocity.runtime.resource.ResourceManagerImpl)
2014-06-24 16:46:54,541 - ResourceLoader instantiated: org.apache.velocity.runtime.resource.loader.FileResourceLoader
2014-06-24 16:46:54,542 - Do unicode file recognition:  false
2014-06-24 16:46:54,542 - FileResourceLoader : adding path '/Users/shammi/wso2/Development/GitHub/andes/modules/andes-core/broker/src/velocity/templates/org/wso2/andes/server/logging/messages'
2014-06-24 16:46:54,550 - ResourceCache: initialized (class org.apache.velocity.runtime.resource.ResourceCacheImpl)
2014-06-24 16:46:54,551 - Loaded System Directive: org.apache.velocity.runtime.directive.Literal
2014-06-24 16:46:54,552 - Loaded System Directive: org.apache.velocity.runtime.directive.Macro
2014-06-24 16:46:54,553 - Loaded System Directive: org.apache.velocity.runtime.directive.Parse
2014-06-24 16:46:54,554 - Loaded System Directive: org.apache.velocity.runtime.directive.Include
2014-06-24 16:46:54,555 - Loaded System Directive: org.apache.velocity.runtime.directive.Foreach
2014-06-24 16:46:54,574 - Created '20' parsers.
2014-06-24 16:46:54,580 - Velocimacro : "velocimacro.library" is not set.  Trying default library: VM_global_library.vm
2014-06-24 16:46:54,580 - Velocimacro : Default library not found.
2014-06-24 16:46:54,580 - Velocimacro : allowInline = true : VMs can be defined inline in templates
2014-06-24 16:46:54,580 - Velocimacro : allowInlineToOverride = false : VMs defined inline may NOT replace previous VM definitions
2014-06-24 16:46:54,580 - Velocimacro : allowInlineLocal = false : VMs defined inline will be global in scope if allowed.
2014-06-24 16:46:54,580 - Velocimacro : autoload off : VM system will not automatically reload global library macros
2014-06-24 16:46:54,609 - ResourceManager : found LogMessages.vm with loader org.apache.velocity.runtime.resource.loader.FileResourceLoader
